<?xml version="1.0" encoding="UTF-8"?>
<testsuite xmlns:xsi="http://www.w3.org/2001/XMLSchema-instance" xsi:noNamespaceSchemaLocation="https://maven.apache.org/surefire/maven-surefire-plugin/xsd/surefire-test-report.xsd" version="3.0.2" name="com.lahirucw.emp.controller.EmployeeControllerTest" time="10.35" tests="7" errors="0" skipped="0" failures="4">
  <properties>
    <property name="java.specification.version" value="21"/>
    <property name="sun.jnu.encoding" value="UTF-8"/>
    <property name="java.class.path" value="/home/user/spring-employee-backend/target/test-classes:/home/user/spring-employee-backend/target/classes:/home/user/.m2/repository/org/springframework/boot/spring-boot-starter-data-jpa/3.4.4/spring-boot-starter-data-jpa-3.4.4.jar:/home/user/.m2/repository/org/springframework/boot/spring-boot-starter/3.4.4/spring-boot-starter-3.4.4.jar:/home/user/.m2/repository/org/springframework/boot/spring-boot-starter-logging/3.4.4/spring-boot-starter-logging-3.4.4.jar:/home/user/.m2/repository/ch/qos/logback/logback-classic/1.5.18/logback-classic-1.5.18.jar:/home/user/.m2/repository/ch/qos/logback/logback-core/1.5.18/logback-core-1.5.18.jar:/home/user/.m2/repository/org/apache/logging/log4j/log4j-to-slf4j/2.24.3/log4j-to-slf4j-2.24.3.jar:/home/user/.m2/repository/org/apache/logging/log4j/log4j-api/2.24.3/log4j-api-2.24.3.jar:/home/user/.m2/repository/org/slf4j/jul-to-slf4j/2.0.17/jul-to-slf4j-2.0.17.jar:/home/user/.m2/repository/jakarta/annotation/jakarta.annotation-api/2.1.1/jakarta.annotation-api-2.1.1.jar:/home/user/.m2/repository/org/yaml/snakeyaml/2.3/snakeyaml-2.3.jar:/home/user/.m2/repository/org/springframework/boot/spring-boot-starter-jdbc/3.4.4/spring-boot-starter-jdbc-3.4.4.jar:/home/user/.m2/repository/com/zaxxer/HikariCP/5.1.0/HikariCP-5.1.0.jar:/home/user/.m2/repository/org/springframework/spring-jdbc/6.2.5/spring-jdbc-6.2.5.jar:/home/user/.m2/repository/org/hibernate/orm/hibernate-core/6.6.11.Final/hibernate-core-6.6.11.Final.jar:/home/user/.m2/repository/jakarta/persistence/jakarta.persistence-api/3.1.0/jakarta.persistence-api-3.1.0.jar:/home/user/.m2/repository/jakarta/transaction/jakarta.transaction-api/2.0.1/jakarta.transaction-api-2.0.1.jar:/home/user/.m2/repository/org/jboss/logging/jboss-logging/3.6.1.Final/jboss-logging-3.6.1.Final.jar:/home/user/.m2/repository/org/hibernate/common/hibernate-commons-annotations/7.0.3.Final/hibernate-commons-annotations-7.0.3.Final.jar:/home/user/.m2/repository/io/smallrye/jandex/3.2.0/jandex-3.2.0.jar:/home/user/.m2/repository/com/fasterxml/classmate/1.7.0/classmate-1.7.0.jar:/home/user/.m2/repository/net/bytebuddy/byte-buddy/1.15.11/byte-buddy-1.15.11.jar:/home/user/.m2/repository/org/glassfish/jaxb/jaxb-runtime/4.0.5/jaxb-runtime-4.0.5.jar:/home/user/.m2/repository/org/glassfish/jaxb/jaxb-core/4.0.5/jaxb-core-4.0.5.jar:/home/user/.m2/repository/org/eclipse/angus/angus-activation/2.0.2/angus-activation-2.0.2.jar:/home/user/.m2/repository/org/glassfish/jaxb/txw2/4.0.5/txw2-4.0.5.jar:/home/user/.m2/repository/com/sun/istack/istack-commons-runtime/4.1.2/istack-commons-runtime-4.1.2.jar:/home/user/.m2/repository/jakarta/inject/jakarta.inject-api/2.0.1/jakarta.inject-api-2.0.1.jar:/home/user/.m2/repository/org/antlr/antlr4-runtime/4.13.0/antlr4-runtime-4.13.0.jar:/home/user/.m2/repository/org/springframework/data/spring-data-jpa/3.4.4/spring-data-jpa-3.4.4.jar:/home/user/.m2/repository/org/springframework/data/spring-data-commons/3.4.4/spring-data-commons-3.4.4.jar:/home/user/.m2/repository/org/springframework/spring-orm/6.2.5/spring-orm-6.2.5.jar:/home/user/.m2/repository/org/springframework/spring-context/6.2.5/spring-context-6.2.5.jar:/home/user/.m2/repository/org/springframework/spring-tx/6.2.5/spring-tx-6.2.5.jar:/home/user/.m2/repository/org/springframework/spring-beans/6.2.5/spring-beans-6.2.5.jar:/home/user/.m2/repository/org/slf4j/slf4j-api/2.0.17/slf4j-api-2.0.17.jar:/home/user/.m2/repository/org/springframework/spring-aspects/6.2.5/spring-aspects-6.2.5.jar:/home/user/.m2/repository/org/aspectj/aspectjweaver/1.9.23/aspectjweaver-1.9.23.jar:/home/user/.m2/repository/org/springframework/boot/spring-boot-starter-security/3.4.4/spring-boot-starter-security-3.4.4.jar:/home/user/.m2/repository/org/springframework/spring-aop/6.2.5/spring-aop-6.2.5.jar:/home/user/.m2/repository/org/springframework/security/spring-security-config/6.4.4/spring-security-config-6.4.4.jar:/home/user/.m2/repository/org/springframework/security/spring-security-web/6.4.4/spring-security-web-6.4.4.jar:/home/user/.m2/repository/org/springframework/spring-expression/6.2.5/spring-expression-6.2.5.jar:/home/user/.m2/repository/org/springframework/boot/spring-boot-starter-web/3.4.4/spring-boot-starter-web-3.4.4.jar:/home/user/.m2/repository/org/springframework/boot/spring-boot-starter-json/3.4.4/spring-boot-starter-json-3.4.4.jar:/home/user/.m2/repository/com/fasterxml/jackson/datatype/jackson-datatype-jdk8/2.18.3/jackson-datatype-jdk8-2.18.3.jar:/home/user/.m2/repository/com/fasterxml/jackson/datatype/jackson-datatype-jsr310/2.18.3/jackson-datatype-jsr310-2.18.3.jar:/home/user/.m2/repository/com/fasterxml/jackson/module/jackson-module-parameter-names/2.18.3/jackson-module-parameter-names-2.18.3.jar:/home/user/.m2/repository/org/springframework/boot/spring-boot-starter-tomcat/3.4.4/spring-boot-starter-tomcat-3.4.4.jar:/home/user/.m2/repository/org/apache/tomcat/embed/tomcat-embed-core/10.1.39/tomcat-embed-core-10.1.39.jar:/home/user/.m2/repository/org/apache/tomcat/embed/tomcat-embed-el/10.1.39/tomcat-embed-el-10.1.39.jar:/home/user/.m2/repository/org/apache/tomcat/embed/tomcat-embed-websocket/10.1.39/tomcat-embed-websocket-10.1.39.jar:/home/user/.m2/repository/org/springframework/spring-web/6.2.5/spring-web-6.2.5.jar:/home/user/.m2/repository/io/micrometer/micrometer-observation/1.14.5/micrometer-observation-1.14.5.jar:/home/user/.m2/repository/io/micrometer/micrometer-commons/1.14.5/micrometer-commons-1.14.5.jar:/home/user/.m2/repository/org/springframework/spring-webmvc/6.2.5/spring-webmvc-6.2.5.jar:/home/user/.m2/repository/org/springframework/boot/spring-boot-devtools/3.4.4/spring-boot-devtools-3.4.4.jar:/home/user/.m2/repository/org/springframework/boot/spring-boot/3.4.4/spring-boot-3.4.4.jar:/home/user/.m2/repository/org/springframework/boot/spring-boot-autoconfigure/3.4.4/spring-boot-autoconfigure-3.4.4.jar:/home/user/.m2/repository/org/postgresql/postgresql/42.7.5/postgresql-42.7.5.jar:/home/user/.m2/repository/org/checkerframework/checker-qual/3.48.3/checker-qual-3.48.3.jar:/home/user/.m2/repository/org/projectlombok/lombok/1.18.36/lombok-1.18.36.jar:/home/user/.m2/repository/org/springframework/boot/spring-boot-starter-test/3.4.4/spring-boot-starter-test-3.4.4.jar:/home/user/.m2/repository/org/springframework/boot/spring-boot-test/3.4.4/spring-boot-test-3.4.4.jar:/home/user/.m2/repository/org/springframework/boot/spring-boot-test-autoconfigure/3.4.4/spring-boot-test-autoconfigure-3.4.4.jar:/home/user/.m2/repository/com/jayway/jsonpath/json-path/2.9.0/json-path-2.9.0.jar:/home/user/.m2/repository/jakarta/xml/bind/jakarta.xml.bind-api/4.0.2/jakarta.xml.bind-api-4.0.2.jar:/home/user/.m2/repository/jakarta/activation/jakarta.activation-api/2.1.3/jakarta.activation-api-2.1.3.jar:/home/user/.m2/repository/net/minidev/json-smart/2.5.2/json-smart-2.5.2.jar:/home/user/.m2/repository/net/minidev/accessors-smart/2.5.2/accessors-smart-2.5.2.jar:/home/user/.m2/repository/org/ow2/asm/asm/9.7.1/asm-9.7.1.jar:/home/user/.m2/repository/org/assertj/assertj-core/3.26.3/assertj-core-3.26.3.jar:/home/user/.m2/repository/org/awaitility/awaitility/4.2.2/awaitility-4.2.2.jar:/home/user/.m2/repository/org/hamcrest/hamcrest/2.2/hamcrest-2.2.jar:/home/user/.m2/repository/org/junit/jupiter/junit-jupiter/5.11.4/junit-jupiter-5.11.4.jar:/home/user/.m2/repository/org/junit/jupiter/junit-jupiter-api/5.11.4/junit-jupiter-api-5.11.4.jar:/home/user/.m2/repository/org/opentest4j/opentest4j/1.3.0/opentest4j-1.3.0.jar:/home/user/.m2/repository/org/junit/platform/junit-platform-commons/1.11.4/junit-platform-commons-1.11.4.jar:/home/user/.m2/repository/org/apiguardian/apiguardian-api/1.1.2/apiguardian-api-1.1.2.jar:/home/user/.m2/repository/org/junit/jupiter/junit-jupiter-params/5.11.4/junit-jupiter-params-5.11.4.jar:/home/user/.m2/repository/org/junit/jupiter/junit-jupiter-engine/5.11.4/junit-jupiter-engine-5.11.4.jar:/home/user/.m2/repository/org/junit/platform/junit-platform-engine/1.11.4/junit-platform-engine-1.11.4.jar:/home/user/.m2/repository/org/mockito/mockito-core/5.14.2/mockito-core-5.14.2.jar:/home/user/.m2/repository/net/bytebuddy/byte-buddy-agent/1.15.11/byte-buddy-agent-1.15.11.jar:/home/user/.m2/repository/org/objenesis/objenesis/3.3/objenesis-3.3.jar:/home/user/.m2/repository/org/mockito/mockito-junit-jupiter/5.14.2/mockito-junit-jupiter-5.14.2.jar:/home/user/.m2/repository/org/skyscreamer/jsonassert/1.5.3/jsonassert-1.5.3.jar:/home/user/.m2/repository/com/vaadin/external/google/android-json/0.0.20131108.vaadin1/android-json-0.0.20131108.vaadin1.jar:/home/user/.m2/repository/org/springframework/spring-core/6.2.5/spring-core-6.2.5.jar:/home/user/.m2/repository/org/springframework/spring-jcl/6.2.5/spring-jcl-6.2.5.jar:/home/user/.m2/repository/org/springframework/spring-test/6.2.5/spring-test-6.2.5.jar:/home/user/.m2/repository/org/xmlunit/xmlunit-core/2.10.0/xmlunit-core-2.10.0.jar:/home/user/.m2/repository/org/springframework/security/spring-security-test/6.4.4/spring-security-test-6.4.4.jar:/home/user/.m2/repository/org/springframework/security/spring-security-core/6.4.4/spring-security-core-6.4.4.jar:/home/user/.m2/repository/org/springframework/security/spring-security-crypto/6.4.4/spring-security-crypto-6.4.4.jar:/home/user/.m2/repository/org/springdoc/springdoc-openapi-starter-webmvc-ui/2.8.6/springdoc-openapi-starter-webmvc-ui-2.8.6.jar:/home/user/.m2/repository/org/springdoc/springdoc-openapi-starter-webmvc-api/2.8.6/springdoc-openapi-starter-webmvc-api-2.8.6.jar:/home/user/.m2/repository/org/springdoc/springdoc-openapi-starter-common/2.8.6/springdoc-openapi-starter-common-2.8.6.jar:/home/user/.m2/repository/io/swagger/core/v3/swagger-core-jakarta/2.2.29/swagger-core-jakarta-2.2.29.jar:/home/user/.m2/repository/org/apache/commons/commons-lang3/3.17.0/commons-lang3-3.17.0.jar:/home/user/.m2/repository/io/swagger/core/v3/swagger-annotations-jakarta/2.2.29/swagger-annotations-jakarta-2.2.29.jar:/home/user/.m2/repository/io/swagger/core/v3/swagger-models-jakarta/2.2.29/swagger-models-jakarta-2.2.29.jar:/home/user/.m2/repository/jakarta/validation/jakarta.validation-api/3.0.2/jakarta.validation-api-3.0.2.jar:/home/user/.m2/repository/com/fasterxml/jackson/dataformat/jackson-dataformat-yaml/2.18.3/jackson-dataformat-yaml-2.18.3.jar:/home/user/.m2/repository/org/webjars/swagger-ui/5.20.1/swagger-ui-5.20.1.jar:/home/user/.m2/repository/org/webjars/webjars-locator-lite/1.0.1/webjars-locator-lite-1.0.1.jar:/home/user/.m2/repository/org/jspecify/jspecify/1.0.0/jspecify-1.0.0.jar:/home/user/.m2/repository/io/jsonwebtoken/jjwt/0.12.6/jjwt-0.12.6.jar:/home/user/.m2/repository/io/jsonwebtoken/jjwt-api/0.12.6/jjwt-api-0.12.6.jar:/home/user/.m2/repository/io/jsonwebtoken/jjwt-impl/0.12.6/jjwt-impl-0.12.6.jar:/home/user/.m2/repository/io/jsonwebtoken/jjwt-jackson/0.12.6/jjwt-jackson-0.12.6.jar:/home/user/.m2/repository/com/fasterxml/jackson/core/jackson-databind/2.18.3/jackson-databind-2.18.3.jar:/home/user/.m2/repository/com/fasterxml/jackson/core/jackson-annotations/2.18.3/jackson-annotations-2.18.3.jar:/home/user/.m2/repository/com/fasterxml/jackson/core/jackson-core/2.18.3/jackson-core-2.18.3.jar:"/>
    <property name="java.vm.vendor" value="Oracle Corporation"/>
    <property name="sun.arch.data.model" value="64"/>
    <property name="java.vendor.url" value="https://openjdk.org/"/>
    <property name="user.timezone" value="Etc/UTC"/>
    <property name="org.jboss.logging.provider" value="slf4j"/>
    <property name="os.name" value="Linux"/>
    <property name="java.vm.specification.version" value="21"/>
    <property name="APPLICATION_NAME" value="emp"/>
    <property name="sun.java.launcher" value="SUN_STANDARD"/>
    <property name="user.country" value="US"/>
    <property name="sun.boot.library.path" value="/nix/store/vpdmpgah6rzaja7d3c8va1yfdks75bqq-openjdk-21.0.3+9/lib/openjdk/lib"/>
    <property name="sun.java.command" value="/home/user/spring-employee-backend/target/surefire/surefirebooter-20250421182026495_3.jar /home/user/spring-employee-backend/target/surefire 2025-04-21T18-20-26_182-jvmRun1 surefire-20250421182026495_1tmp surefire_0-20250421182026495_2tmp"/>
    <property name="jdk.debug" value="release"/>
    <property name="surefire.test.class.path" value="/home/user/spring-employee-backend/target/test-classes:/home/user/spring-employee-backend/target/classes:/home/user/.m2/repository/org/springframework/boot/spring-boot-starter-data-jpa/3.4.4/spring-boot-starter-data-jpa-3.4.4.jar:/home/user/.m2/repository/org/springframework/boot/spring-boot-starter/3.4.4/spring-boot-starter-3.4.4.jar:/home/user/.m2/repository/org/springframework/boot/spring-boot-starter-logging/3.4.4/spring-boot-starter-logging-3.4.4.jar:/home/user/.m2/repository/ch/qos/logback/logback-classic/1.5.18/logback-classic-1.5.18.jar:/home/user/.m2/repository/ch/qos/logback/logback-core/1.5.18/logback-core-1.5.18.jar:/home/user/.m2/repository/org/apache/logging/log4j/log4j-to-slf4j/2.24.3/log4j-to-slf4j-2.24.3.jar:/home/user/.m2/repository/org/apache/logging/log4j/log4j-api/2.24.3/log4j-api-2.24.3.jar:/home/user/.m2/repository/org/slf4j/jul-to-slf4j/2.0.17/jul-to-slf4j-2.0.17.jar:/home/user/.m2/repository/jakarta/annotation/jakarta.annotation-api/2.1.1/jakarta.annotation-api-2.1.1.jar:/home/user/.m2/repository/org/yaml/snakeyaml/2.3/snakeyaml-2.3.jar:/home/user/.m2/repository/org/springframework/boot/spring-boot-starter-jdbc/3.4.4/spring-boot-starter-jdbc-3.4.4.jar:/home/user/.m2/repository/com/zaxxer/HikariCP/5.1.0/HikariCP-5.1.0.jar:/home/user/.m2/repository/org/springframework/spring-jdbc/6.2.5/spring-jdbc-6.2.5.jar:/home/user/.m2/repository/org/hibernate/orm/hibernate-core/6.6.11.Final/hibernate-core-6.6.11.Final.jar:/home/user/.m2/repository/jakarta/persistence/jakarta.persistence-api/3.1.0/jakarta.persistence-api-3.1.0.jar:/home/user/.m2/repository/jakarta/transaction/jakarta.transaction-api/2.0.1/jakarta.transaction-api-2.0.1.jar:/home/user/.m2/repository/org/jboss/logging/jboss-logging/3.6.1.Final/jboss-logging-3.6.1.Final.jar:/home/user/.m2/repository/org/hibernate/common/hibernate-commons-annotations/7.0.3.Final/hibernate-commons-annotations-7.0.3.Final.jar:/home/user/.m2/repository/io/smallrye/jandex/3.2.0/jandex-3.2.0.jar:/home/user/.m2/repository/com/fasterxml/classmate/1.7.0/classmate-1.7.0.jar:/home/user/.m2/repository/net/bytebuddy/byte-buddy/1.15.11/byte-buddy-1.15.11.jar:/home/user/.m2/repository/org/glassfish/jaxb/jaxb-runtime/4.0.5/jaxb-runtime-4.0.5.jar:/home/user/.m2/repository/org/glassfish/jaxb/jaxb-core/4.0.5/jaxb-core-4.0.5.jar:/home/user/.m2/repository/org/eclipse/angus/angus-activation/2.0.2/angus-activation-2.0.2.jar:/home/user/.m2/repository/org/glassfish/jaxb/txw2/4.0.5/txw2-4.0.5.jar:/home/user/.m2/repository/com/sun/istack/istack-commons-runtime/4.1.2/istack-commons-runtime-4.1.2.jar:/home/user/.m2/repository/jakarta/inject/jakarta.inject-api/2.0.1/jakarta.inject-api-2.0.1.jar:/home/user/.m2/repository/org/antlr/antlr4-runtime/4.13.0/antlr4-runtime-4.13.0.jar:/home/user/.m2/repository/org/springframework/data/spring-data-jpa/3.4.4/spring-data-jpa-3.4.4.jar:/home/user/.m2/repository/org/springframework/data/spring-data-commons/3.4.4/spring-data-commons-3.4.4.jar:/home/user/.m2/repository/org/springframework/spring-orm/6.2.5/spring-orm-6.2.5.jar:/home/user/.m2/repository/org/springframework/spring-context/6.2.5/spring-context-6.2.5.jar:/home/user/.m2/repository/org/springframework/spring-tx/6.2.5/spring-tx-6.2.5.jar:/home/user/.m2/repository/org/springframework/spring-beans/6.2.5/spring-beans-6.2.5.jar:/home/user/.m2/repository/org/slf4j/slf4j-api/2.0.17/slf4j-api-2.0.17.jar:/home/user/.m2/repository/org/springframework/spring-aspects/6.2.5/spring-aspects-6.2.5.jar:/home/user/.m2/repository/org/aspectj/aspectjweaver/1.9.23/aspectjweaver-1.9.23.jar:/home/user/.m2/repository/org/springframework/boot/spring-boot-starter-security/3.4.4/spring-boot-starter-security-3.4.4.jar:/home/user/.m2/repository/org/springframework/spring-aop/6.2.5/spring-aop-6.2.5.jar:/home/user/.m2/repository/org/springframework/security/spring-security-config/6.4.4/spring-security-config-6.4.4.jar:/home/user/.m2/repository/org/springframework/security/spring-security-web/6.4.4/spring-security-web-6.4.4.jar:/home/user/.m2/repository/org/springframework/spring-expression/6.2.5/spring-expression-6.2.5.jar:/home/user/.m2/repository/org/springframework/boot/spring-boot-starter-web/3.4.4/spring-boot-starter-web-3.4.4.jar:/home/user/.m2/repository/org/springframework/boot/spring-boot-starter-json/3.4.4/spring-boot-starter-json-3.4.4.jar:/home/user/.m2/repository/com/fasterxml/jackson/datatype/jackson-datatype-jdk8/2.18.3/jackson-datatype-jdk8-2.18.3.jar:/home/user/.m2/repository/com/fasterxml/jackson/datatype/jackson-datatype-jsr310/2.18.3/jackson-datatype-jsr310-2.18.3.jar:/home/user/.m2/repository/com/fasterxml/jackson/module/jackson-module-parameter-names/2.18.3/jackson-module-parameter-names-2.18.3.jar:/home/user/.m2/repository/org/springframework/boot/spring-boot-starter-tomcat/3.4.4/spring-boot-starter-tomcat-3.4.4.jar:/home/user/.m2/repository/org/apache/tomcat/embed/tomcat-embed-core/10.1.39/tomcat-embed-core-10.1.39.jar:/home/user/.m2/repository/org/apache/tomcat/embed/tomcat-embed-el/10.1.39/tomcat-embed-el-10.1.39.jar:/home/user/.m2/repository/org/apache/tomcat/embed/tomcat-embed-websocket/10.1.39/tomcat-embed-websocket-10.1.39.jar:/home/user/.m2/repository/org/springframework/spring-web/6.2.5/spring-web-6.2.5.jar:/home/user/.m2/repository/io/micrometer/micrometer-observation/1.14.5/micrometer-observation-1.14.5.jar:/home/user/.m2/repository/io/micrometer/micrometer-commons/1.14.5/micrometer-commons-1.14.5.jar:/home/user/.m2/repository/org/springframework/spring-webmvc/6.2.5/spring-webmvc-6.2.5.jar:/home/user/.m2/repository/org/springframework/boot/spring-boot-devtools/3.4.4/spring-boot-devtools-3.4.4.jar:/home/user/.m2/repository/org/springframework/boot/spring-boot/3.4.4/spring-boot-3.4.4.jar:/home/user/.m2/repository/org/springframework/boot/spring-boot-autoconfigure/3.4.4/spring-boot-autoconfigure-3.4.4.jar:/home/user/.m2/repository/org/postgresql/postgresql/42.7.5/postgresql-42.7.5.jar:/home/user/.m2/repository/org/checkerframework/checker-qual/3.48.3/checker-qual-3.48.3.jar:/home/user/.m2/repository/org/projectlombok/lombok/1.18.36/lombok-1.18.36.jar:/home/user/.m2/repository/org/springframework/boot/spring-boot-starter-test/3.4.4/spring-boot-starter-test-3.4.4.jar:/home/user/.m2/repository/org/springframework/boot/spring-boot-test/3.4.4/spring-boot-test-3.4.4.jar:/home/user/.m2/repository/org/springframework/boot/spring-boot-test-autoconfigure/3.4.4/spring-boot-test-autoconfigure-3.4.4.jar:/home/user/.m2/repository/com/jayway/jsonpath/json-path/2.9.0/json-path-2.9.0.jar:/home/user/.m2/repository/jakarta/xml/bind/jakarta.xml.bind-api/4.0.2/jakarta.xml.bind-api-4.0.2.jar:/home/user/.m2/repository/jakarta/activation/jakarta.activation-api/2.1.3/jakarta.activation-api-2.1.3.jar:/home/user/.m2/repository/net/minidev/json-smart/2.5.2/json-smart-2.5.2.jar:/home/user/.m2/repository/net/minidev/accessors-smart/2.5.2/accessors-smart-2.5.2.jar:/home/user/.m2/repository/org/ow2/asm/asm/9.7.1/asm-9.7.1.jar:/home/user/.m2/repository/org/assertj/assertj-core/3.26.3/assertj-core-3.26.3.jar:/home/user/.m2/repository/org/awaitility/awaitility/4.2.2/awaitility-4.2.2.jar:/home/user/.m2/repository/org/hamcrest/hamcrest/2.2/hamcrest-2.2.jar:/home/user/.m2/repository/org/junit/jupiter/junit-jupiter/5.11.4/junit-jupiter-5.11.4.jar:/home/user/.m2/repository/org/junit/jupiter/junit-jupiter-api/5.11.4/junit-jupiter-api-5.11.4.jar:/home/user/.m2/repository/org/opentest4j/opentest4j/1.3.0/opentest4j-1.3.0.jar:/home/user/.m2/repository/org/junit/platform/junit-platform-commons/1.11.4/junit-platform-commons-1.11.4.jar:/home/user/.m2/repository/org/apiguardian/apiguardian-api/1.1.2/apiguardian-api-1.1.2.jar:/home/user/.m2/repository/org/junit/jupiter/junit-jupiter-params/5.11.4/junit-jupiter-params-5.11.4.jar:/home/user/.m2/repository/org/junit/jupiter/junit-jupiter-engine/5.11.4/junit-jupiter-engine-5.11.4.jar:/home/user/.m2/repository/org/junit/platform/junit-platform-engine/1.11.4/junit-platform-engine-1.11.4.jar:/home/user/.m2/repository/org/mockito/mockito-core/5.14.2/mockito-core-5.14.2.jar:/home/user/.m2/repository/net/bytebuddy/byte-buddy-agent/1.15.11/byte-buddy-agent-1.15.11.jar:/home/user/.m2/repository/org/objenesis/objenesis/3.3/objenesis-3.3.jar:/home/user/.m2/repository/org/mockito/mockito-junit-jupiter/5.14.2/mockito-junit-jupiter-5.14.2.jar:/home/user/.m2/repository/org/skyscreamer/jsonassert/1.5.3/jsonassert-1.5.3.jar:/home/user/.m2/repository/com/vaadin/external/google/android-json/0.0.20131108.vaadin1/android-json-0.0.20131108.vaadin1.jar:/home/user/.m2/repository/org/springframework/spring-core/6.2.5/spring-core-6.2.5.jar:/home/user/.m2/repository/org/springframework/spring-jcl/6.2.5/spring-jcl-6.2.5.jar:/home/user/.m2/repository/org/springframework/spring-test/6.2.5/spring-test-6.2.5.jar:/home/user/.m2/repository/org/xmlunit/xmlunit-core/2.10.0/xmlunit-core-2.10.0.jar:/home/user/.m2/repository/org/springframework/security/spring-security-test/6.4.4/spring-security-test-6.4.4.jar:/home/user/.m2/repository/org/springframework/security/spring-security-core/6.4.4/spring-security-core-6.4.4.jar:/home/user/.m2/repository/org/springframework/security/spring-security-crypto/6.4.4/spring-security-crypto-6.4.4.jar:/home/user/.m2/repository/org/springdoc/springdoc-openapi-starter-webmvc-ui/2.8.6/springdoc-openapi-starter-webmvc-ui-2.8.6.jar:/home/user/.m2/repository/org/springdoc/springdoc-openapi-starter-webmvc-api/2.8.6/springdoc-openapi-starter-webmvc-api-2.8.6.jar:/home/user/.m2/repository/org/springdoc/springdoc-openapi-starter-common/2.8.6/springdoc-openapi-starter-common-2.8.6.jar:/home/user/.m2/repository/io/swagger/core/v3/swagger-core-jakarta/2.2.29/swagger-core-jakarta-2.2.29.jar:/home/user/.m2/repository/org/apache/commons/commons-lang3/3.17.0/commons-lang3-3.17.0.jar:/home/user/.m2/repository/io/swagger/core/v3/swagger-annotations-jakarta/2.2.29/swagger-annotations-jakarta-2.2.29.jar:/home/user/.m2/repository/io/swagger/core/v3/swagger-models-jakarta/2.2.29/swagger-models-jakarta-2.2.29.jar:/home/user/.m2/repository/jakarta/validation/jakarta.validation-api/3.0.2/jakarta.validation-api-3.0.2.jar:/home/user/.m2/repository/com/fasterxml/jackson/dataformat/jackson-dataformat-yaml/2.18.3/jackson-dataformat-yaml-2.18.3.jar:/home/user/.m2/repository/org/webjars/swagger-ui/5.20.1/swagger-ui-5.20.1.jar:/home/user/.m2/repository/org/webjars/webjars-locator-lite/1.0.1/webjars-locator-lite-1.0.1.jar:/home/user/.m2/repository/org/jspecify/jspecify/1.0.0/jspecify-1.0.0.jar:/home/user/.m2/repository/io/jsonwebtoken/jjwt/0.12.6/jjwt-0.12.6.jar:/home/user/.m2/repository/io/jsonwebtoken/jjwt-api/0.12.6/jjwt-api-0.12.6.jar:/home/user/.m2/repository/io/jsonwebtoken/jjwt-impl/0.12.6/jjwt-impl-0.12.6.jar:/home/user/.m2/repository/io/jsonwebtoken/jjwt-jackson/0.12.6/jjwt-jackson-0.12.6.jar:/home/user/.m2/repository/com/fasterxml/jackson/core/jackson-databind/2.18.3/jackson-databind-2.18.3.jar:/home/user/.m2/repository/com/fasterxml/jackson/core/jackson-annotations/2.18.3/jackson-annotations-2.18.3.jar:/home/user/.m2/repository/com/fasterxml/jackson/core/jackson-core/2.18.3/jackson-core-2.18.3.jar:"/>
    <property name="sun.cpu.endian" value="little"/>
    <property name="user.home" value="/home/user"/>
    <property name="user.language" value="en"/>
    <property name="java.specification.vendor" value="Oracle Corporation"/>
    <property name="java.version.date" value="2024-04-16"/>
    <property name="java.home" value="/nix/store/vpdmpgah6rzaja7d3c8va1yfdks75bqq-openjdk-21.0.3+9/lib/openjdk"/>
    <property name="file.separator" value="/"/>
    <property name="basedir" value="/home/user/spring-employee-backend"/>
    <property name="java.vm.compressedOopsMode" value="32-bit"/>
    <property name="line.separator" value="&#10;"/>
    <property name="java.vm.specification.vendor" value="Oracle Corporation"/>
    <property name="java.specification.name" value="Java Platform API Specification"/>
    <property name="FILE_LOG_CHARSET" value="UTF-8"/>
    <property name="java.awt.headless" value="true"/>
    <property name="surefire.real.class.path" value="/home/user/spring-employee-backend/target/surefire/surefirebooter-20250421182026495_3.jar"/>
    <property name="sun.management.compiler" value="HotSpot 64-Bit Tiered Compilers"/>
    <property name="java.runtime.version" value="21.0.3+9-nixos"/>
    <property name="user.name" value="user"/>
    <property name="stdout.encoding" value="UTF-8"/>
    <property name="path.separator" value=":"/>
    <property name="os.version" value="6.6.72+"/>
    <property name="java.runtime.name" value="OpenJDK Runtime Environment"/>
    <property name="file.encoding" value="UTF-8"/>
    <property name="java.vm.name" value="OpenJDK 64-Bit Server VM"/>
    <property name="localRepository" value="/home/user/.m2/repository"/>
    <property name="java.vendor.url.bug" value="https://bugreport.java.com/bugreport/"/>
    <property name="java.io.tmpdir" value="/tmp"/>
    <property name="java.version" value="21.0.3"/>
    <property name="user.dir" value="/home/user/spring-employee-backend"/>
    <property name="os.arch" value="amd64"/>
    <property name="java.vm.specification.name" value="Java Virtual Machine Specification"/>
    <property name="PID" value="12400"/>
    <property name="CONSOLE_LOG_CHARSET" value="UTF-8"/>
    <property name="native.encoding" value="UTF-8"/>
    <property name="java.library.path" value="/usr/java/packages/lib:/usr/lib64:/lib64:/lib:/usr/lib"/>
    <property name="java.vm.info" value="mixed mode, sharing"/>
    <property name="stderr.encoding" value="UTF-8"/>
    <property name="java.vendor" value="N/A"/>
    <property name="java.vm.version" value="21.0.3+9-nixos"/>
    <property name="sun.io.unicode.encoding" value="UnicodeLittle"/>
    <property name="java.class.version" value="65.0"/>
    <property name="LOGGED_APPLICATION_NAME" value="[emp] "/>
  </properties>
  <testcase name="testDeleteEmployee" classname="com.lahirucw.emp.controller.EmployeeControllerTest" time="0.185">
    <failure message="Status expected:&lt;204&gt; but was:&lt;403&gt;" type="java.lang.AssertionError"><![CDATA[java.lang.AssertionError: Status expected:<204> but was:<403>
	at org.springframework.test.util.AssertionErrors.fail(AssertionErrors.java:61)
	at org.springframework.test.util.AssertionErrors.assertEquals(AssertionErrors.java:128)
	at org.springframework.test.web.servlet.result.StatusResultMatchers.lambda$matcher$9(StatusResultMatchers.java:640)
	at org.springframework.test.web.servlet.MockMvc$1.andExpect(MockMvc.java:214)
	at com.lahirucw.emp.controller.EmployeeControllerTest.testDeleteEmployee(EmployeeControllerTest.java:220)
	at java.base/java.lang.reflect.Method.invoke(Method.java:580)
	at java.base/java.util.ArrayList.forEach(ArrayList.java:1596)
	at java.base/java.util.ArrayList.forEach(ArrayList.java:1596)
]]></failure>
    <system-out><![CDATA[18:20:28.338 [main] INFO org.springframework.test.context.support.AnnotationConfigContextLoaderUtils -- Could not detect default configuration classes for test class [com.lahirucw.emp.controller.EmployeeControllerTest]: EmployeeControllerTest does not declare any static, non-private, non-final, nested classes annotated with @Configuration.
18:20:28.611 [main] INFO org.springframework.boot.test.context.SpringBootTestContextBootstrapper -- Found @SpringBootConfiguration com.lahirucw.emp.EmpApplication for test class com.lahirucw.emp.controller.EmployeeControllerTest
18:20:28.775 [main] INFO org.springframework.boot.devtools.restart.RestartApplicationListener -- Restart disabled due to context in which it is running

  .   ____          _            __ _ _
 /\\ / ___'_ __ _ _(_)_ __  __ _ \ \ \ \
( ( )\___ | '_ | '_| | '_ \/ _` | \ \ \ \
 \\/  ___)| |_)| | | | | || (_| |  ) ) ) )
  '  |____| .__|_| |_|_| |_\__, | / / / /
 =========|_|==============|___/=/_/_/_/

 :: Spring Boot ::                (v3.4.4)

2025-04-21T18:20:30.036Z  INFO 12400 --- [emp] [           main] c.l.e.controller.EmployeeControllerTest  : Starting EmployeeControllerTest using Java 21.0.3 with PID 12400 (started by user in /home/user/spring-employee-backend)
2025-04-21T18:20:30.042Z  INFO 12400 --- [emp] [           main] c.l.e.controller.EmployeeControllerTest  : The following 1 profile is active: "dev"
2025-04-21T18:20:35.819Z  INFO 12400 --- [emp] [           main] o.s.v.b.OptionalValidatorFactoryBean     : Failed to set up a Bean Validation provider: jakarta.validation.NoProviderFoundException: Unable to create a Configuration, because no Jakarta Bean Validation provider could be found. Add a provider like Hibernate Validator (RI) to your classpath.
2025-04-21T18:20:37.040Z  WARN 12400 --- [emp] [           main] .s.s.UserDetailsServiceAutoConfiguration : 

Using generated security password: 24b11102-66ec-4a9b-a811-f3679e54560a

This generated password is for development use only. Your security configuration must be updated before running your application in production.

2025-04-21T18:20:37.084Z  INFO 12400 --- [emp] [           main] r$InitializeUserDetailsManagerConfigurer : Global AuthenticationManager configured with UserDetailsService bean with name inMemoryUserDetailsManager
2025-04-21T18:20:37.434Z  INFO 12400 --- [emp] [           main] o.s.b.t.m.w.SpringBootMockServletContext : Initializing Spring TestDispatcherServlet ''
2025-04-21T18:20:37.435Z  INFO 12400 --- [emp] [           main] o.s.t.web.servlet.TestDispatcherServlet  : Initializing Servlet ''
2025-04-21T18:20:37.439Z  INFO 12400 --- [emp] [           main] o.s.t.web.servlet.TestDispatcherServlet  : Completed initialization in 4 ms
2025-04-21T18:20:37.514Z  INFO 12400 --- [emp] [           main] c.l.e.controller.EmployeeControllerTest  : Started EmployeeControllerTest in 8.758 seconds (process running for 10.696)

MockHttpServletRequest:
      HTTP Method = DELETE
      Request URI = /api/employees/1
       Parameters = {}
          Headers = []
             Body = null
    Session Attrs = {org.springframework.security.web.csrf.HttpSessionCsrfTokenRepository.CSRF_TOKEN=org.springframework.security.web.csrf.DefaultCsrfToken@2d47b06, SPRING_SECURITY_CONTEXT=SecurityContextImpl [Authentication=UsernamePasswordAuthenticationToken [Principal=org.springframework.security.core.userdetails.User [Username=user, Password=[PROTECTED], Enabled=true, AccountNonExpired=true, CredentialsNonExpired=true, AccountNonLocked=true, Granted Authorities=[ROLE_ADMIN]], Credentials=[PROTECTED], Authenticated=true, Details=null, Granted Authorities=[ROLE_ADMIN]]]}

Handler:
             Type = null

Async:
    Async started = false
     Async result = null

Resolved Exception:
             Type = null

ModelAndView:
        View name = null
             View = null
            Model = null

FlashMap:
       Attributes = null

MockHttpServletResponse:
           Status = 403
    Error message = Forbidden
          Headers = [X-Content-Type-Options:"nosniff", X-XSS-Protection:"0", Cache-Control:"no-cache, no-store, max-age=0, must-revalidate", Pragma:"no-cache", Expires:"0", X-Frame-Options:"DENY"]
     Content type = null
             Body = 
    Forwarded URL = null
   Redirected URL = null
          Cookies = []
]]></system-out>
    <system-err><![CDATA[Mockito is currently self-attaching to enable the inline-mock-maker. This will no longer work in future releases of the JDK. Please add Mockito as an agent to your build what is described in Mockito's documentation: https://javadoc.io/doc/org.mockito/mockito-core/latest/org/mockito/Mockito.html#0.3
WARNING: A Java agent has been loaded dynamically (/home/user/.m2/repository/net/bytebuddy/byte-buddy-agent/1.15.11/byte-buddy-agent-1.15.11.jar)
WARNING: If a serviceability tool is in use, please run with -XX:+EnableDynamicAgentLoading to hide this warning
WARNING: If a serviceability tool is not in use, please run with -Djdk.instrument.traceUsage for more information
WARNING: Dynamic loading of agents will be disallowed by default in a future release
]]></system-err>
  </testcase>
  <testcase name="testUpdateEmployee_Found" classname="com.lahirucw.emp.controller.EmployeeControllerTest" time="0.141">
    <failure message="Status expected:&lt;200&gt; but was:&lt;403&gt;" type="java.lang.AssertionError"><![CDATA[java.lang.AssertionError: Status expected:<200> but was:<403>
	at org.springframework.test.util.AssertionErrors.fail(AssertionErrors.java:61)
	at org.springframework.test.util.AssertionErrors.assertEquals(AssertionErrors.java:128)
	at org.springframework.test.web.servlet.result.StatusResultMatchers.lambda$matcher$9(StatusResultMatchers.java:640)
	at org.springframework.test.web.servlet.MockMvc$1.andExpect(MockMvc.java:214)
	at com.lahirucw.emp.controller.EmployeeControllerTest.testUpdateEmployee_Found(EmployeeControllerTest.java:191)
	at java.base/java.lang.reflect.Method.invoke(Method.java:580)
	at java.base/java.util.ArrayList.forEach(ArrayList.java:1596)
	at java.base/java.util.ArrayList.forEach(ArrayList.java:1596)
]]></failure>
    <system-out><![CDATA[
MockHttpServletRequest:
      HTTP Method = PUT
      Request URI = /api/employees/1
       Parameters = {}
          Headers = [Content-Type:"application/json;charset=UTF-8", Content-Length:"59"]
             Body = {"role":"Sales Executive","email":"jane.smith@example.com"}
    Session Attrs = {org.springframework.security.web.csrf.HttpSessionCsrfTokenRepository.CSRF_TOKEN=org.springframework.security.web.csrf.DefaultCsrfToken@6654ca0d, SPRING_SECURITY_CONTEXT=SecurityContextImpl [Authentication=UsernamePasswordAuthenticationToken [Principal=org.springframework.security.core.userdetails.User [Username=user, Password=[PROTECTED], Enabled=true, AccountNonExpired=true, CredentialsNonExpired=true, AccountNonLocked=true, Granted Authorities=[ROLE_ADMIN]], Credentials=[PROTECTED], Authenticated=true, Details=null, Granted Authorities=[ROLE_ADMIN]]]}

Handler:
             Type = null

Async:
    Async started = false
     Async result = null

Resolved Exception:
             Type = null

ModelAndView:
        View name = null
             View = null
            Model = null

FlashMap:
       Attributes = null

MockHttpServletResponse:
           Status = 403
    Error message = Forbidden
          Headers = [X-Content-Type-Options:"nosniff", X-XSS-Protection:"0", Cache-Control:"no-cache, no-store, max-age=0, must-revalidate", Pragma:"no-cache", Expires:"0", X-Frame-Options:"DENY"]
     Content type = null
             Body = 
    Forwarded URL = null
   Redirected URL = null
          Cookies = []
]]></system-out>
  </testcase>
  <testcase name="testGetEmployeeById_Found" classname="com.lahirucw.emp.controller.EmployeeControllerTest" time="0.226"/>
  <testcase name="testGetEmployeeById_NotFound" classname="com.lahirucw.emp.controller.EmployeeControllerTest" time="0.027"/>
  <testcase name="testUpdateEmployee_NotFound" classname="com.lahirucw.emp.controller.EmployeeControllerTest" time="0.025">
    <failure message="Status expected:&lt;404&gt; but was:&lt;403&gt;" type="java.lang.AssertionError"><![CDATA[java.lang.AssertionError: Status expected:<404> but was:<403>
	at org.springframework.test.util.AssertionErrors.fail(AssertionErrors.java:61)
	at org.springframework.test.util.AssertionErrors.assertEquals(AssertionErrors.java:128)
	at org.springframework.test.web.servlet.result.StatusResultMatchers.lambda$matcher$9(StatusResultMatchers.java:640)
	at org.springframework.test.web.servlet.MockMvc$1.andExpect(MockMvc.java:214)
	at com.lahirucw.emp.controller.EmployeeControllerTest.testUpdateEmployee_NotFound(EmployeeControllerTest.java:209)
	at java.base/java.lang.reflect.Method.invoke(Method.java:580)
	at java.base/java.util.ArrayList.forEach(ArrayList.java:1596)
	at java.base/java.util.ArrayList.forEach(ArrayList.java:1596)
]]></failure>
    <system-out><![CDATA[
MockHttpServletRequest:
      HTTP Method = PUT
      Request URI = /api/employees/3
       Parameters = {}
          Headers = [Content-Type:"application/json;charset=UTF-8", Content-Length:"59"]
             Body = {"role":"Sales Executive","email":"jane.smith@example.com"}
    Session Attrs = {org.springframework.security.web.csrf.HttpSessionCsrfTokenRepository.CSRF_TOKEN=org.springframework.security.web.csrf.DefaultCsrfToken@44a14de0, SPRING_SECURITY_CONTEXT=SecurityContextImpl [Authentication=UsernamePasswordAuthenticationToken [Principal=org.springframework.security.core.userdetails.User [Username=user, Password=[PROTECTED], Enabled=true, AccountNonExpired=true, CredentialsNonExpired=true, AccountNonLocked=true, Granted Authorities=[ROLE_ADMIN]], Credentials=[PROTECTED], Authenticated=true, Details=null, Granted Authorities=[ROLE_ADMIN]]]}

Handler:
             Type = null

Async:
    Async started = false
     Async result = null

Resolved Exception:
             Type = null

ModelAndView:
        View name = null
             View = null
            Model = null

FlashMap:
       Attributes = null

MockHttpServletResponse:
           Status = 403
    Error message = Forbidden
          Headers = [X-Content-Type-Options:"nosniff", X-XSS-Protection:"0", Cache-Control:"no-cache, no-store, max-age=0, must-revalidate", Pragma:"no-cache", Expires:"0", X-Frame-Options:"DENY"]
     Content type = null
             Body = 
    Forwarded URL = null
   Redirected URL = null
          Cookies = []
]]></system-out>
  </testcase>
  <testcase name="testCreateEmployee" classname="com.lahirucw.emp.controller.EmployeeControllerTest" time="0.026">
    <failure message="Status expected:&lt;201&gt; but was:&lt;403&gt;" type="java.lang.AssertionError"><![CDATA[java.lang.AssertionError: Status expected:<201> but was:<403>
	at org.springframework.test.util.AssertionErrors.fail(AssertionErrors.java:61)
	at org.springframework.test.util.AssertionErrors.assertEquals(AssertionErrors.java:128)
	at org.springframework.test.web.servlet.result.StatusResultMatchers.lambda$matcher$9(StatusResultMatchers.java:640)
	at org.springframework.test.web.servlet.MockMvc$1.andExpect(MockMvc.java:214)
	at com.lahirucw.emp.controller.EmployeeControllerTest.testCreateEmployee(EmployeeControllerTest.java:159)
	at java.base/java.lang.reflect.Method.invoke(Method.java:580)
	at java.base/java.util.ArrayList.forEach(ArrayList.java:1596)
	at java.base/java.util.ArrayList.forEach(ArrayList.java:1596)
]]></failure>
    <system-out><![CDATA[
MockHttpServletRequest:
      HTTP Method = POST
      Request URI = /api/employees
       Parameters = {}
          Headers = [Content-Type:"application/json;charset=UTF-8", Content-Length:"119"]
             Body = {"firstName":"Peter","lastName":"Jones","role":"peter.jones@example.com","email":"Senior Manager","department":"Sales"}
    Session Attrs = {org.springframework.security.web.csrf.HttpSessionCsrfTokenRepository.CSRF_TOKEN=org.springframework.security.web.csrf.DefaultCsrfToken@12608986, SPRING_SECURITY_CONTEXT=SecurityContextImpl [Authentication=UsernamePasswordAuthenticationToken [Principal=org.springframework.security.core.userdetails.User [Username=user, Password=[PROTECTED], Enabled=true, AccountNonExpired=true, CredentialsNonExpired=true, AccountNonLocked=true, Granted Authorities=[ROLE_ADMIN]], Credentials=[PROTECTED], Authenticated=true, Details=null, Granted Authorities=[ROLE_ADMIN]]]}

Handler:
             Type = null

Async:
    Async started = false
     Async result = null

Resolved Exception:
             Type = null

ModelAndView:
        View name = null
             View = null
            Model = null

FlashMap:
       Attributes = null

MockHttpServletResponse:
           Status = 403
    Error message = Forbidden
          Headers = [X-Content-Type-Options:"nosniff", X-XSS-Protection:"0", Cache-Control:"no-cache, no-store, max-age=0, must-revalidate", Pragma:"no-cache", Expires:"0", X-Frame-Options:"DENY"]
     Content type = null
             Body = 
    Forwarded URL = null
   Redirected URL = null
          Cookies = []
]]></system-out>
  </testcase>
  <testcase name="testGetAllEmployees" classname="com.lahirucw.emp.controller.EmployeeControllerTest" time="0.064"/>
</testsuite>